  SimpleServer.cpp
d:\tools_demo\simpleserver\simpleserver\simpleserver\protobuf\s2c\text.pb.h(9): fatal error C1083: Cannot open include file: 'google/protobuf/stubs/common.h': No such file or directory
  UDPSocket.cpp
  SocketAddress.cpp
d:\tools_demo\simpleserver\simpleserver\simpleserver\socket\socketaddress.cpp(13): error C2664: 'PCWSTR InetNtopW(INT,const void *,PWSTR,size_t)': cannot convert argument 3 from 'char [128]' to 'PWSTR'
  d:\tools_demo\simpleserver\simpleserver\simpleserver\socket\socketaddress.cpp(13): note: Types pointed to are unrelated; conversion requires reinterpret_cast, C-style cast or function-style cast
  Text.pb.cc
d:\tools_demo\simpleserver\simpleserver\simpleserver\protobuf\s2c\text.pb.h(9): fatal error C1083: Cannot open include file: 'google/protobuf/stubs/common.h': No such file or directory
  ProtobufSerializerUtil.cpp
d:\tools_demo\simpleserver\simpleserver\simpleserver\protobuf\s2c\text.pb.h(9): fatal error C1083: Cannot open include file: 'google/protobuf/stubs/common.h': No such file or directory
  ProtobufDeserializerUtil.cpp
d:\tools_demo\simpleserver\simpleserver\simpleserver\protobufutil\protobufdeserializerutil.cpp(1): warning C4067: unexpected tokens following preprocessor directive - expected a newline
d:\tools_demo\simpleserver\simpleserver\simpleserver\protobuf\s2c\text.pb.h(9): fatal error C1083: Cannot open include file: 'google/protobuf/stubs/common.h': No such file or directory
  GameMessageManager.cpp
  Room.cpp
  NetworkManager.cpp
  GamePeer.cpp
  ClientProxy.cpp
  Generating Code...
  Compiling...
  TCPSocket.cpp
  SocketUtil.cpp
  SocketAddressFactory.cpp
  Generating Code...
