d:\tools_demo\simpleserver\simpleserver\simpleserver\simpleserver\debug\simpleserver.pch
d:\tools_demo\simpleserver\simpleserver\simpleserver\simpleserver\debug\vc140.pdb
d:\tools_demo\simpleserver\simpleserver\simpleserver\simpleserver\debug\vc140.idb
d:\tools_demo\simpleserver\simpleserver\simpleserver\simpleserver\debug\stdafx.obj
d:\tools_demo\simpleserver\simpleserver\simpleserver\simpleserver\debug\simpleserver.obj
d:\tools_demo\simpleserver\simpleserver\simpleserver\simpleserver\debug\socketaddress.obj
d:\tools_demo\simpleserver\simpleserver\simpleserver\simpleserver\debug\socketaddressfactory.obj
d:\tools_demo\simpleserver\simpleserver\simpleserver\debug\simpleserver.ilk
d:\tools_demo\simpleserver\simpleserver\simpleserver\debug\simpleserver.exe
d:\tools_demo\simpleserver\simpleserver\simpleserver\debug\simpleserver.pdb
d:\tools_demo\simpleserver\simpleserver\simpleserver\simpleserver\debug\simpleserver.tlog\cl.command.1.tlog
d:\tools_demo\simpleserver\simpleserver\simpleserver\simpleserver\debug\simpleserver.tlog\cl.read.1.tlog
d:\tools_demo\simpleserver\simpleserver\simpleserver\simpleserver\debug\simpleserver.tlog\cl.write.1.tlog
d:\tools_demo\simpleserver\simpleserver\simpleserver\simpleserver\debug\simpleserver.tlog\link.9108-cvtres.read.1.tlog
d:\tools_demo\simpleserver\simpleserver\simpleserver\simpleserver\debug\simpleserver.tlog\link.9108-cvtres.write.1.tlog
d:\tools_demo\simpleserver\simpleserver\simpleserver\simpleserver\debug\simpleserver.tlog\link.9108-rc.read.1.tlog
d:\tools_demo\simpleserver\simpleserver\simpleserver\simpleserver\debug\simpleserver.tlog\link.9108-rc.write.1.tlog
d:\tools_demo\simpleserver\simpleserver\simpleserver\simpleserver\debug\simpleserver.tlog\link.9108.read.1.tlog
d:\tools_demo\simpleserver\simpleserver\simpleserver\simpleserver\debug\simpleserver.tlog\link.9108.write.1.tlog
d:\tools_demo\simpleserver\simpleserver\simpleserver\simpleserver\debug\simpleserver.tlog\link.command.1.tlog
d:\tools_demo\simpleserver\simpleserver\simpleserver\simpleserver\debug\simpleserver.tlog\link.read.1.tlog
d:\tools_demo\simpleserver\simpleserver\simpleserver\simpleserver\debug\simpleserver.tlog\link.write.1.tlog
